2025-11-11 12:30:26,695 INFO Bot started polling...
2025-11-11 12:30:26,927 INFO HTTP Request: POST https://api.telegram.org/bot6733666851:AAHsOVZ7_bJGIGW80-PfTJ3Q6apDqn5v-4c/getMe "HTTP/1.1 200 OK"
2025-11-11 12:30:26,984 INFO HTTP Request: POST https://api.telegram.org/bot6733666851:AAHsOVZ7_bJGIGW80-PfTJ3Q6apDqn5v-4c/deleteWebhook "HTTP/1.1 200 OK"
2025-11-11 12:30:26,987 INFO Application started
2025-11-11 12:30:27,173 INFO HTTP Request: POST https://api.telegram.org/bot6733666851:AAHsOVZ7_bJGIGW80-PfTJ3Q6apDqn5v-4c/getUpdates "HTTP/1.1 200 OK"
2025-11-11 12:30:27,249 INFO HTTP Request: POST https://api.telegram.org/bot6733666851:AAHsOVZ7_bJGIGW80-PfTJ3Q6apDqn5v-4c/sendMessage "HTTP/1.1 200 OK"
2025-11-11 12:30:27,250 INFO Received /start command from chat_id: 1071
2025-11-11 12:30:37,311 INFO HTTP Request: POST https://api.telegram.org/bot6733666851:AAHsOVZ7_bJGIGW80-PfTJ3Q6apDqn5v-4c/getUpdates "HTTP/1.1 200 OK"
2025-11-11 12:30:47,448 INFO HTTP Request: POST https://api.telegram.org/bot6733666851:AAHsOVZ7_bJGIGW80-PfTJ3Q6apDqn5v-4c/getUpdates "HTTP/1.1 200 OK"
2025-11-11 12:30:57,585 INFO HTTP Request: POST https://api.telegram.org/bot6733666851:AAHsOVZ7_bJGIGW80-PfTJ3Q6apDqn5v-4c/getUpdates "HTTP/1.1 200 OK"
2025-11-11 12:31:07,647 INFO HTTP Request: POST https://api.telegram.org/bot6733666851:AAHsOVZ7_bJGIGW80-PfTJ3Q6apDqn5v-4c/getUpdates "HTTP/1.1 200 OK"
2025-11-11 12:31:17,707 INFO HTTP Request: POST https://api.telegram.org/bot6733666851:AAHsOVZ7_bJGIGW80-PfTJ3Q6apDqn5v-4c/getUpdates "HTTP/1.1 200 OK"
2025-11-11 12:31:27,792 INFO HTTP Request: POST https://api.telegram.org/bot6733666851:AAHsOVZ7_bJGIGW80-PfTJ3Q6apDqn5v-4c/getUpdates "HTTP/1.1 200 OK"
2025-11-11 12:31:37,853 INFO HTTP Request: POST https://api.telegram.org/bot6733666851:AAHsOVZ7_bJGIGW80-PfTJ3Q6apDqn5v-4c/getUpdates "HTTP/1.1 200 OK"
2025-11-11 12:31:47,965 INFO HTTP Request: POST https://api.telegram.org/bot6733666851:AAHsOVZ7_bJGIGW80-PfTJ3Q6apDqn5v-4c/getUpdates "HTTP/1.1 200 OK"
2025-11-11 12:31:58,102 INFO HTTP Request: POST https://api.telegram.org/bot6733666851:AAHsOVZ7_bJGIGW80-PfTJ3Q6apDqn5v-4c/getUpdates "HTTP/1.1 200 OK"
2025-11-11 12:32:08,240 INFO HTTP Request: POST https://api.telegram.org/bot6733666851:AAHsOVZ7_bJGIGW80-PfTJ3Q6apDqn5v-4c/getUpdates "HTTP/1.1 200 OK"
2025-11-11 12:32:18,376 INFO HTTP Request: POST https://api.telegram.org/bot6733666851:AAHsOVZ7_bJGIGW80-PfTJ3Q6apDqn5v-4c/getUpdates "HTTP/1.1 200 OK"
2025-11-11 12:32:28,514 INFO HTTP Request: POST https://api.telegram.org/bot6733666851:AAHsOVZ7_bJGIGW80-PfTJ3Q6apDqn5v-4c/getUpdates "HTTP/1.1 200 OK"
2025-11-11 12:32:31,798 INFO HTTP Request: POST https://api.telegram.org/bot6733666851:AAHsOVZ7_bJGIGW80-PfTJ3Q6apDqn5v-4c/getUpdates "HTTP/1.1 200 OK"
2025-11-11 12:32:32,178 INFO HTTP Request: POST https://api.telegram.org/bot6733666851:AAHsOVZ7_bJGIGW80-PfTJ3Q6apDqn5v-4c/sendMessage "HTTP/1.1 200 OK"
2025-11-11 12:32:32,179 INFO Received /start command from chat_id: 1074
2025-11-11 12:32:41,861 INFO HTTP Request: POST https://api.telegram.org/bot6733666851:AAHsOVZ7_bJGIGW80-PfTJ3Q6apDqn5v-4c/getUpdates "HTTP/1.1 200 OK"
2025-11-11 12:32:51,921 INFO HTTP Request: POST https://api.telegram.org/bot6733666851:AAHsOVZ7_bJGIGW80-PfTJ3Q6apDqn5v-4c/getUpdates "HTTP/1.1 200 OK"
2025-11-11 12:33:01,999 INFO HTTP Request: POST https://api.telegram.org/bot6733666851:AAHsOVZ7_bJGIGW80-PfTJ3Q6apDqn5v-4c/getUpdates "HTTP/1.1 200 OK"
2025-11-11 12:33:12,137 INFO HTTP Request: POST https://api.telegram.org/bot6733666851:AAHsOVZ7_bJGIGW80-PfTJ3Q6apDqn5v-4c/getUpdates "HTTP/1.1 200 OK"
2025-11-11 12:33:22,198 INFO HTTP Request: POST https://api.telegram.org/bot6733666851:AAHsOVZ7_bJGIGW80-PfTJ3Q6apDqn5v-4c/getUpdates "HTTP/1.1 200 OK"
2025-11-11 12:33:32,308 INFO HTTP Request: POST https://api.telegram.org/bot6733666851:AAHsOVZ7_bJGIGW80-PfTJ3Q6apDqn5v-4c/getUpdates "HTTP/1.1 200 OK"
2025-11-11 12:33:42,446 INFO HTTP Request: POST https://api.telegram.org/bot6733666851:AAHsOVZ7_bJGIGW80-PfTJ3Q6apDqn5v-4c/getUpdates "HTTP/1.1 200 OK"
2025-11-11 12:33:52,585 INFO HTTP Request: POST https://api.telegram.org/bot6733666851:AAHsOVZ7_bJGIGW80-PfTJ3Q6apDqn5v-4c/getUpdates "HTTP/1.1 200 OK"
2025-11-11 12:34:02,824 INFO HTTP Request: POST https://api.telegram.org/bot6733666851:AAHsOVZ7_bJGIGW80-PfTJ3Q6apDqn5v-4c/getUpdates "HTTP/1.1 200 OK"
2025-11-11 12:34:12,961 INFO HTTP Request: POST https://api.telegram.org/bot6733666851:AAHsOVZ7_bJGIGW80-PfTJ3Q6apDqn5v-4c/getUpdates "HTTP/1.1 200 OK"
2025-11-11 12:34:23,026 INFO HTTP Request: POST https://api.telegram.org/bot6733666851:AAHsOVZ7_bJGIGW80-PfTJ3Q6apDqn5v-4c/getUpdates "HTTP/1.1 200 OK"
2025-11-11 12:34:33,087 INFO HTTP Request: POST https://api.telegram.org/bot6733666851:AAHsOVZ7_bJGIGW80-PfTJ3Q6apDqn5v-4c/getUpdates "HTTP/1.1 200 OK"
2025-11-11 12:34:43,169 INFO HTTP Request: POST https://api.telegram.org/bot6733666851:AAHsOVZ7_bJGIGW80-PfTJ3Q6apDqn5v-4c/getUpdates "HTTP/1.1 200 OK"
2025-11-11 12:34:53,230 INFO HTTP Request: POST https://api.telegram.org/bot6733666851:AAHsOVZ7_bJGIGW80-PfTJ3Q6apDqn5v-4c/getUpdates "HTTP/1.1 200 OK"
2025-11-11 12:35:03,341 INFO HTTP Request: POST https://api.telegram.org/bot6733666851:AAHsOVZ7_bJGIGW80-PfTJ3Q6apDqn5v-4c/getUpdates "HTTP/1.1 200 OK"
2025-11-11 12:35:13,480 INFO HTTP Request: POST https://api.telegram.org/bot6733666851:AAHsOVZ7_bJGIGW80-PfTJ3Q6apDqn5v-4c/getUpdates "HTTP/1.1 200 OK"
2025-11-11 12:35:23,543 INFO HTTP Request: POST https://api.telegram.org/bot6733666851:AAHsOVZ7_bJGIGW80-PfTJ3Q6apDqn5v-4c/getUpdates "HTTP/1.1 200 OK"
2025-11-11 12:35:33,653 INFO HTTP Request: POST https://api.telegram.org/bot6733666851:AAHsOVZ7_bJGIGW80-PfTJ3Q6apDqn5v-4c/getUpdates "HTTP/1.1 200 OK"
2025-11-11 12:35:43,789 INFO HTTP Request: POST https://api.telegram.org/bot6733666851:AAHsOVZ7_bJGIGW80-PfTJ3Q6apDqn5v-4c/getUpdates "HTTP/1.1 200 OK"
2025-11-11 12:35:53,863 INFO HTTP Request: POST https://api.telegram.org/bot6733666851:AAHsOVZ7_bJGIGW80-PfTJ3Q6apDqn5v-4c/getUpdates "HTTP/1.1 200 OK"
2025-11-11 12:36:03,963 INFO HTTP Request: POST https://api.telegram.org/bot6733666851:AAHsOVZ7_bJGIGW80-PfTJ3Q6apDqn5v-4c/getUpdates "HTTP/1.1 200 OK"
2025-11-11 12:36:14,024 INFO HTTP Request: POST https://api.telegram.org/bot6733666851:AAHsOVZ7_bJGIGW80-PfTJ3Q6apDqn5v-4c/getUpdates "HTTP/1.1 200 OK"
2025-11-11 12:36:24,085 INFO HTTP Request: POST https://api.telegram.org/bot6733666851:AAHsOVZ7_bJGIGW80-PfTJ3Q6apDqn5v-4c/getUpdates "HTTP/1.1 200 OK"
2025-11-11 12:36:34,145 INFO HTTP Request: POST https://api.telegram.org/bot6733666851:AAHsOVZ7_bJGIGW80-PfTJ3Q6apDqn5v-4c/getUpdates "HTTP/1.1 200 OK"
2025-11-11 12:36:44,206 INFO HTTP Request: POST https://api.telegram.org/bot6733666851:AAHsOVZ7_bJGIGW80-PfTJ3Q6apDqn5v-4c/getUpdates "HTTP/1.1 200 OK"
2025-11-11 12:36:54,268 INFO HTTP Request: POST https://api.telegram.org/bot6733666851:AAHsOVZ7_bJGIGW80-PfTJ3Q6apDqn5v-4c/getUpdates "HTTP/1.1 200 OK"
2025-11-11 12:37:04,378 INFO HTTP Request: POST https://api.telegram.org/bot6733666851:AAHsOVZ7_bJGIGW80-PfTJ3Q6apDqn5v-4c/getUpdates "HTTP/1.1 200 OK"
2025-11-11 12:37:14,516 INFO HTTP Request: POST https://api.telegram.org/bot6733666851:AAHsOVZ7_bJGIGW80-PfTJ3Q6apDqn5v-4c/getUpdates "HTTP/1.1 200 OK"
2025-11-11 12:37:17,834 INFO HTTP Request: POST https://api.telegram.org/bot6733666851:AAHsOVZ7_bJGIGW80-PfTJ3Q6apDqn5v-4c/getUpdates "HTTP/1.1 200 OK"
2025-11-11 12:37:17,835 INFO Application is stopping. This might take a moment.
2025-11-11 12:37:17,835 INFO Application.stop() complete
2025-11-11 12:37:20,190 INFO Bot started polling...
2025-11-11 12:37:20,395 INFO HTTP Request: POST https://api.telegram.org/bot6733666851:AAHsOVZ7_bJGIGW80-PfTJ3Q6apDqn5v-4c/getMe "HTTP/1.1 200 OK"
2025-11-11 12:37:20,455 INFO HTTP Request: POST https://api.telegram.org/bot6733666851:AAHsOVZ7_bJGIGW80-PfTJ3Q6apDqn5v-4c/deleteWebhook "HTTP/1.1 200 OK"
2025-11-11 12:37:20,457 INFO Application started
2025-11-11 12:37:30,695 INFO HTTP Request: POST https://api.telegram.org/bot6733666851:AAHsOVZ7_bJGIGW80-PfTJ3Q6apDqn5v-4c/getUpdates "HTTP/1.1 200 OK"
2025-11-11 12:37:31,083 INFO HTTP Request: POST https://api.telegram.org/bot6733666851:AAHsOVZ7_bJGIGW80-PfTJ3Q6apDqn5v-4c/getUpdates "HTTP/1.1 200 OK"
2025-11-11 12:37:31,086 INFO Received /start command from chat_id: -4785108108, chat_type: group
2025-11-11 12:37:31,356 INFO HTTP Request: POST https://api.telegram.org/bot6733666851:AAHsOVZ7_bJGIGW80-PfTJ3Q6apDqn5v-4c/sendMessage "HTTP/1.1 200 OK"
2025-11-11 12:37:41,153 INFO HTTP Request: POST https://api.telegram.org/bot6733666851:AAHsOVZ7_bJGIGW80-PfTJ3Q6apDqn5v-4c/getUpdates "HTTP/1.1 200 OK"
2025-11-11 12:37:51,211 INFO HTTP Request: POST https://api.telegram.org/bot6733666851:AAHsOVZ7_bJGIGW80-PfTJ3Q6apDqn5v-4c/getUpdates "HTTP/1.1 200 OK"
2025-11-11 12:38:01,314 INFO HTTP Request: POST https://api.telegram.org/bot6733666851:AAHsOVZ7_bJGIGW80-PfTJ3Q6apDqn5v-4c/getUpdates "HTTP/1.1 200 OK"
2025-11-11 12:38:11,370 INFO HTTP Request: POST https://api.telegram.org/bot6733666851:AAHsOVZ7_bJGIGW80-PfTJ3Q6apDqn5v-4c/getUpdates "HTTP/1.1 200 OK"
2025-11-11 12:38:21,488 INFO HTTP Request: POST https://api.telegram.org/bot6733666851:AAHsOVZ7_bJGIGW80-PfTJ3Q6apDqn5v-4c/getUpdates "HTTP/1.1 200 OK"
2025-11-11 12:38:31,624 INFO HTTP Request: POST https://api.telegram.org/bot6733666851:AAHsOVZ7_bJGIGW80-PfTJ3Q6apDqn5v-4c/getUpdates "HTTP/1.1 200 OK"
2025-11-11 12:38:41,764 INFO HTTP Request: POST https://api.telegram.org/bot6733666851:AAHsOVZ7_bJGIGW80-PfTJ3Q6apDqn5v-4c/getUpdates "HTTP/1.1 200 OK"
2025-11-11 12:38:51,900 INFO HTTP Request: POST https://api.telegram.org/bot6733666851:AAHsOVZ7_bJGIGW80-PfTJ3Q6apDqn5v-4c/getUpdates "HTTP/1.1 200 OK"
2025-11-11 12:39:02,038 INFO HTTP Request: POST https://api.telegram.org/bot6733666851:AAHsOVZ7_bJGIGW80-PfTJ3Q6apDqn5v-4c/getUpdates "HTTP/1.1 200 OK"
2025-11-11 12:39:12,174 INFO HTTP Request: POST https://api.telegram.org/bot6733666851:AAHsOVZ7_bJGIGW80-PfTJ3Q6apDqn5v-4c/getUpdates "HTTP/1.1 200 OK"
2025-11-11 12:39:22,245 INFO HTTP Request: POST https://api.telegram.org/bot6733666851:AAHsOVZ7_bJGIGW80-PfTJ3Q6apDqn5v-4c/getUpdates "HTTP/1.1 200 OK"
2025-11-11 12:39:32,349 INFO HTTP Request: POST https://api.telegram.org/bot6733666851:AAHsOVZ7_bJGIGW80-PfTJ3Q6apDqn5v-4c/getUpdates "HTTP/1.1 200 OK"
2025-11-11 12:39:42,486 INFO HTTP Request: POST https://api.telegram.org/bot6733666851:AAHsOVZ7_bJGIGW80-PfTJ3Q6apDqn5v-4c/getUpdates "HTTP/1.1 200 OK"
2025-11-11 12:39:52,547 INFO HTTP Request: POST https://api.telegram.org/bot6733666851:AAHsOVZ7_bJGIGW80-PfTJ3Q6apDqn5v-4c/getUpdates "HTTP/1.1 200 OK"
2025-11-11 12:40:02,660 INFO HTTP Request: POST https://api.telegram.org/bot6733666851:AAHsOVZ7_bJGIGW80-PfTJ3Q6apDqn5v-4c/getUpdates "HTTP/1.1 200 OK"
2025-11-11 12:40:12,798 INFO HTTP Request: POST https://api.telegram.org/bot6733666851:AAHsOVZ7_bJGIGW80-PfTJ3Q6apDqn5v-4c/getUpdates "HTTP/1.1 200 OK"
2025-11-11 12:40:22,935 INFO HTTP Request: POST https://api.telegram.org/bot6733666851:AAHsOVZ7_bJGIGW80-PfTJ3Q6apDqn5v-4c/getUpdates "HTTP/1.1 200 OK"
2025-11-11 12:40:33,073 INFO HTTP Request: POST https://api.telegram.org/bot6733666851:AAHsOVZ7_bJGIGW80-PfTJ3Q6apDqn5v-4c/getUpdates "HTTP/1.1 200 OK"
2025-11-11 12:40:43,211 INFO HTTP Request: POST https://api.telegram.org/bot6733666851:AAHsOVZ7_bJGIGW80-PfTJ3Q6apDqn5v-4c/getUpdates "HTTP/1.1 200 OK"
2025-11-11 12:40:53,349 INFO HTTP Request: POST https://api.telegram.org/bot6733666851:AAHsOVZ7_bJGIGW80-PfTJ3Q6apDqn5v-4c/getUpdates "HTTP/1.1 200 OK"
2025-11-11 12:41:03,428 INFO HTTP Request: POST https://api.telegram.org/bot6733666851:AAHsOVZ7_bJGIGW80-PfTJ3Q6apDqn5v-4c/getUpdates "HTTP/1.1 200 OK"
2025-11-11 12:41:13,522 INFO HTTP Request: POST https://api.telegram.org/bot6733666851:AAHsOVZ7_bJGIGW80-PfTJ3Q6apDqn5v-4c/getUpdates "HTTP/1.1 200 OK"
2025-11-11 12:41:23,581 INFO HTTP Request: POST https://api.telegram.org/bot6733666851:AAHsOVZ7_bJGIGW80-PfTJ3Q6apDqn5v-4c/getUpdates "HTTP/1.1 200 OK"
2025-11-11 12:41:33,693 INFO HTTP Request: POST https://api.telegram.org/bot6733666851:AAHsOVZ7_bJGIGW80-PfTJ3Q6apDqn5v-4c/getUpdates "HTTP/1.1 200 OK"
2025-11-11 12:41:43,835 INFO HTTP Request: POST https://api.telegram.org/bot6733666851:AAHsOVZ7_bJGIGW80-PfTJ3Q6apDqn5v-4c/getUpdates "HTTP/1.1 200 OK"
2025-11-11 12:41:53,970 INFO HTTP Request: POST https://api.telegram.org/bot6733666851:AAHsOVZ7_bJGIGW80-PfTJ3Q6apDqn5v-4c/getUpdates "HTTP/1.1 200 OK"
2025-11-11 12:42:04,107 INFO HTTP Request: POST https://api.telegram.org/bot6733666851:AAHsOVZ7_bJGIGW80-PfTJ3Q6apDqn5v-4c/getUpdates "HTTP/1.1 200 OK"
2025-11-11 12:42:14,246 INFO HTTP Request: POST https://api.telegram.org/bot6733666851:AAHsOVZ7_bJGIGW80-PfTJ3Q6apDqn5v-4c/getUpdates "HTTP/1.1 200 OK"
2025-11-11 12:42:24,384 INFO HTTP Request: POST https://api.telegram.org/bot6733666851:AAHsOVZ7_bJGIGW80-PfTJ3Q6apDqn5v-4c/getUpdates "HTTP/1.1 200 OK"
2025-11-11 12:42:34,442 INFO HTTP Request: POST https://api.telegram.org/bot6733666851:AAHsOVZ7_bJGIGW80-PfTJ3Q6apDqn5v-4c/getUpdates "HTTP/1.1 200 OK"
2025-11-11 12:42:44,556 INFO HTTP Request: POST https://api.telegram.org/bot6733666851:AAHsOVZ7_bJGIGW80-PfTJ3Q6apDqn5v-4c/getUpdates "HTTP/1.1 200 OK"
2025-11-11 12:42:54,617 INFO HTTP Request: POST https://api.telegram.org/bot6733666851:AAHsOVZ7_bJGIGW80-PfTJ3Q6apDqn5v-4c/getUpdates "HTTP/1.1 200 OK"
2025-11-11 12:43:04,679 INFO HTTP Request: POST https://api.telegram.org/bot6733666851:AAHsOVZ7_bJGIGW80-PfTJ3Q6apDqn5v-4c/getUpdates "HTTP/1.1 200 OK"
2025-11-11 12:43:14,765 INFO HTTP Request: POST https://api.telegram.org/bot6733666851:AAHsOVZ7_bJGIGW80-PfTJ3Q6apDqn5v-4c/getUpdates "HTTP/1.1 200 OK"
2025-11-11 12:43:24,903 INFO HTTP Request: POST https://api.telegram.org/bot6733666851:AAHsOVZ7_bJGIGW80-PfTJ3Q6apDqn5v-4c/getUpdates "HTTP/1.1 200 OK"
2025-11-11 12:43:35,042 INFO HTTP Request: POST https://api.telegram.org/bot6733666851:AAHsOVZ7_bJGIGW80-PfTJ3Q6apDqn5v-4c/getUpdates "HTTP/1.1 200 OK"
2025-11-11 12:43:45,179 INFO HTTP Request: POST https://api.telegram.org/bot6733666851:AAHsOVZ7_bJGIGW80-PfTJ3Q6apDqn5v-4c/getUpdates "HTTP/1.1 200 OK"
2025-11-11 12:43:55,316 INFO HTTP Request: POST https://api.telegram.org/bot6733666851:AAHsOVZ7_bJGIGW80-PfTJ3Q6apDqn5v-4c/getUpdates "HTTP/1.1 200 OK"
2025-11-11 12:44:05,454 INFO HTTP Request: POST https://api.telegram.org/bot6733666851:AAHsOVZ7_bJGIGW80-PfTJ3Q6apDqn5v-4c/getUpdates "HTTP/1.1 200 OK"
2025-11-11 12:44:15,592 INFO HTTP Request: POST https://api.telegram.org/bot6733666851:AAHsOVZ7_bJGIGW80-PfTJ3Q6apDqn5v-4c/getUpdates "HTTP/1.1 200 OK"
2025-11-11 12:44:25,732 INFO HTTP Request: POST https://api.telegram.org/bot6733666851:AAHsOVZ7_bJGIGW80-PfTJ3Q6apDqn5v-4c/getUpdates "HTTP/1.1 200 OK"
2025-11-11 12:44:35,872 INFO HTTP Request: POST https://api.telegram.org/bot6733666851:AAHsOVZ7_bJGIGW80-PfTJ3Q6apDqn5v-4c/getUpdates "HTTP/1.1 200 OK"
2025-11-11 12:44:46,006 INFO HTTP Request: POST https://api.telegram.org/bot6733666851:AAHsOVZ7_bJGIGW80-PfTJ3Q6apDqn5v-4c/getUpdates "HTTP/1.1 200 OK"
2025-11-11 12:44:56,065 INFO HTTP Request: POST https://api.telegram.org/bot6733666851:AAHsOVZ7_bJGIGW80-PfTJ3Q6apDqn5v-4c/getUpdates "HTTP/1.1 200 OK"
2025-11-11 12:45:06,123 INFO HTTP Request: POST https://api.telegram.org/bot6733666851:AAHsOVZ7_bJGIGW80-PfTJ3Q6apDqn5v-4c/getUpdates "HTTP/1.1 200 OK"
2025-11-11 12:45:16,215 INFO HTTP Request: POST https://api.telegram.org/bot6733666851:AAHsOVZ7_bJGIGW80-PfTJ3Q6apDqn5v-4c/getUpdates "HTTP/1.1 200 OK"
2025-11-11 12:45:26,352 INFO HTTP Request: POST https://api.telegram.org/bot6733666851:AAHsOVZ7_bJGIGW80-PfTJ3Q6apDqn5v-4c/getUpdates "HTTP/1.1 200 OK"
2025-11-11 12:45:36,490 INFO HTTP Request: POST https://api.telegram.org/bot6733666851:AAHsOVZ7_bJGIGW80-PfTJ3Q6apDqn5v-4c/getUpdates "HTTP/1.1 200 OK"
2025-11-11 12:45:46,628 INFO HTTP Request: POST https://api.telegram.org/bot6733666851:AAHsOVZ7_bJGIGW80-PfTJ3Q6apDqn5v-4c/getUpdates "HTTP/1.1 200 OK"
2025-11-11 12:45:56,688 INFO HTTP Request: POST https://api.telegram.org/bot6733666851:AAHsOVZ7_bJGIGW80-PfTJ3Q6apDqn5v-4c/getUpdates "HTTP/1.1 200 OK"
2025-11-11 12:46:06,801 INFO HTTP Request: POST https://api.telegram.org/bot6733666851:AAHsOVZ7_bJGIGW80-PfTJ3Q6apDqn5v-4c/getUpdates "HTTP/1.1 200 OK"
2025-11-11 12:46:16,939 INFO HTTP Request: POST https://api.telegram.org/bot6733666851:AAHsOVZ7_bJGIGW80-PfTJ3Q6apDqn5v-4c/getUpdates "HTTP/1.1 200 OK"
2025-11-11 12:46:26,995 INFO HTTP Request: POST https://api.telegram.org/bot6733666851:AAHsOVZ7_bJGIGW80-PfTJ3Q6apDqn5v-4c/getUpdates "HTTP/1.1 200 OK"
2025-11-11 12:46:37,057 INFO HTTP Request: POST https://api.telegram.org/bot6733666851:AAHsOVZ7_bJGIGW80-PfTJ3Q6apDqn5v-4c/getUpdates "HTTP/1.1 200 OK"
2025-11-11 12:46:47,253 INFO HTTP Request: POST https://api.telegram.org/bot6733666851:AAHsOVZ7_bJGIGW80-PfTJ3Q6apDqn5v-4c/getUpdates "HTTP/1.1 200 OK"
2025-11-11 12:46:57,390 INFO HTTP Request: POST https://api.telegram.org/bot6733666851:AAHsOVZ7_bJGIGW80-PfTJ3Q6apDqn5v-4c/getUpdates "HTTP/1.1 200 OK"
2025-11-11 12:47:07,527 INFO HTTP Request: POST https://api.telegram.org/bot6733666851:AAHsOVZ7_bJGIGW80-PfTJ3Q6apDqn5v-4c/getUpdates "HTTP/1.1 200 OK"
2025-11-11 12:47:17,665 INFO HTTP Request: POST https://api.telegram.org/bot6733666851:AAHsOVZ7_bJGIGW80-PfTJ3Q6apDqn5v-4c/getUpdates "HTTP/1.1 200 OK"
2025-11-11 12:47:27,722 INFO HTTP Request: POST https://api.telegram.org/bot6733666851:AAHsOVZ7_bJGIGW80-PfTJ3Q6apDqn5v-4c/getUpdates "HTTP/1.1 200 OK"
2025-11-11 12:47:37,787 INFO HTTP Request: POST https://api.telegram.org/bot6733666851:AAHsOVZ7_bJGIGW80-PfTJ3Q6apDqn5v-4c/getUpdates "HTTP/1.1 200 OK"
2025-11-11 12:47:47,873 INFO HTTP Request: POST https://api.telegram.org/bot6733666851:AAHsOVZ7_bJGIGW80-PfTJ3Q6apDqn5v-4c/getUpdates "HTTP/1.1 200 OK"
2025-11-11 12:47:57,932 INFO HTTP Request: POST https://api.telegram.org/bot6733666851:AAHsOVZ7_bJGIGW80-PfTJ3Q6apDqn5v-4c/getUpdates "HTTP/1.1 200 OK"
2025-11-11 12:48:07,992 INFO HTTP Request: POST https://api.telegram.org/bot6733666851:AAHsOVZ7_bJGIGW80-PfTJ3Q6apDqn5v-4c/getUpdates "HTTP/1.1 200 OK"
2025-11-11 12:48:18,082 INFO HTTP Request: POST https://api.telegram.org/bot6733666851:AAHsOVZ7_bJGIGW80-PfTJ3Q6apDqn5v-4c/getUpdates "HTTP/1.1 200 OK"
2025-11-11 12:48:28,221 INFO HTTP Request: POST https://api.telegram.org/bot6733666851:AAHsOVZ7_bJGIGW80-PfTJ3Q6apDqn5v-4c/getUpdates "HTTP/1.1 200 OK"
2025-11-11 12:48:38,358 INFO HTTP Request: POST https://api.telegram.org/bot6733666851:AAHsOVZ7_bJGIGW80-PfTJ3Q6apDqn5v-4c/getUpdates "HTTP/1.1 200 OK"
2025-11-11 12:48:48,415 INFO HTTP Request: POST https://api.telegram.org/bot6733666851:AAHsOVZ7_bJGIGW80-PfTJ3Q6apDqn5v-4c/getUpdates "HTTP/1.1 200 OK"
2025-11-11 12:48:58,531 INFO HTTP Request: POST https://api.telegram.org/bot6733666851:AAHsOVZ7_bJGIGW80-PfTJ3Q6apDqn5v-4c/getUpdates "HTTP/1.1 200 OK"
2025-11-11 12:49:08,669 INFO HTTP Request: POST https://api.telegram.org/bot6733666851:AAHsOVZ7_bJGIGW80-PfTJ3Q6apDqn5v-4c/getUpdates "HTTP/1.1 200 OK"
2025-11-11 12:49:18,807 INFO HTTP Request: POST https://api.telegram.org/bot6733666851:AAHsOVZ7_bJGIGW80-PfTJ3Q6apDqn5v-4c/getUpdates "HTTP/1.1 200 OK"
2025-11-11 12:49:28,945 INFO HTTP Request: POST https://api.telegram.org/bot6733666851:AAHsOVZ7_bJGIGW80-PfTJ3Q6apDqn5v-4c/getUpdates "HTTP/1.1 200 OK"
2025-11-11 12:49:39,083 INFO HTTP Request: POST https://api.telegram.org/bot6733666851:AAHsOVZ7_bJGIGW80-PfTJ3Q6apDqn5v-4c/getUpdates "HTTP/1.1 200 OK"
2025-11-11 12:49:49,220 INFO HTTP Request: POST https://api.telegram.org/bot6733666851:AAHsOVZ7_bJGIGW80-PfTJ3Q6apDqn5v-4c/getUpdates "HTTP/1.1 200 OK"
2025-11-11 12:49:59,361 INFO HTTP Request: POST https://api.telegram.org/bot6733666851:AAHsOVZ7_bJGIGW80-PfTJ3Q6apDqn5v-4c/getUpdates "HTTP/1.1 200 OK"
2025-11-11 12:50:09,498 INFO HTTP Request: POST https://api.telegram.org/bot6733666851:AAHsOVZ7_bJGIGW80-PfTJ3Q6apDqn5v-4c/getUpdates "HTTP/1.1 200 OK"
2025-11-11 12:50:19,556 INFO HTTP Request: POST https://api.telegram.org/bot6733666851:AAHsOVZ7_bJGIGW80-PfTJ3Q6apDqn5v-4c/getUpdates "HTTP/1.1 200 OK"
2025-11-11 12:50:29,616 INFO HTTP Request: POST https://api.telegram.org/bot6733666851:AAHsOVZ7_bJGIGW80-PfTJ3Q6apDqn5v-4c/getUpdates "HTTP/1.1 200 OK"
2025-11-11 12:50:39,705 INFO HTTP Request: POST https://api.telegram.org/bot6733666851:AAHsOVZ7_bJGIGW80-PfTJ3Q6apDqn5v-4c/getUpdates "HTTP/1.1 200 OK"
2025-11-11 12:50:49,844 INFO HTTP Request: POST https://api.telegram.org/bot6733666851:AAHsOVZ7_bJGIGW80-PfTJ3Q6apDqn5v-4c/getUpdates "HTTP/1.1 200 OK"
2025-11-11 12:50:59,901 INFO HTTP Request: POST https://api.telegram.org/bot6733666851:AAHsOVZ7_bJGIGW80-PfTJ3Q6apDqn5v-4c/getUpdates "HTTP/1.1 200 OK"
2025-11-11 12:51:09,960 INFO HTTP Request: POST https://api.telegram.org/bot6733666851:AAHsOVZ7_bJGIGW80-PfTJ3Q6apDqn5v-4c/getUpdates "HTTP/1.1 200 OK"
2025-11-11 12:51:20,053 INFO HTTP Request: POST https://api.telegram.org/bot6733666851:AAHsOVZ7_bJGIGW80-PfTJ3Q6apDqn5v-4c/getUpdates "HTTP/1.1 200 OK"
2025-11-11 12:51:30,111 INFO HTTP Request: POST https://api.telegram.org/bot6733666851:AAHsOVZ7_bJGIGW80-PfTJ3Q6apDqn5v-4c/getUpdates "HTTP/1.1 200 OK"
2025-11-11 12:51:40,226 INFO HTTP Request: POST https://api.telegram.org/bot6733666851:AAHsOVZ7_bJGIGW80-PfTJ3Q6apDqn5v-4c/getUpdates "HTTP/1.1 200 OK"
2025-11-11 12:51:50,364 INFO HTTP Request: POST https://api.telegram.org/bot6733666851:AAHsOVZ7_bJGIGW80-PfTJ3Q6apDqn5v-4c/getUpdates "HTTP/1.1 200 OK"
2025-11-11 12:52:00,511 INFO HTTP Request: POST https://api.telegram.org/bot6733666851:AAHsOVZ7_bJGIGW80-PfTJ3Q6apDqn5v-4c/getUpdates "HTTP/1.1 200 OK"
2025-11-11 12:52:10,567 INFO HTTP Request: POST https://api.telegram.org/bot6733666851:AAHsOVZ7_bJGIGW80-PfTJ3Q6apDqn5v-4c/getUpdates "HTTP/1.1 200 OK"
2025-11-11 12:52:20,675 INFO HTTP Request: POST https://api.telegram.org/bot6733666851:AAHsOVZ7_bJGIGW80-PfTJ3Q6apDqn5v-4c/getUpdates "HTTP/1.1 200 OK"
2025-11-11 12:52:30,732 INFO HTTP Request: POST https://api.telegram.org/bot6733666851:AAHsOVZ7_bJGIGW80-PfTJ3Q6apDqn5v-4c/getUpdates "HTTP/1.1 200 OK"
2025-11-11 12:52:40,849 INFO HTTP Request: POST https://api.telegram.org/bot6733666851:AAHsOVZ7_bJGIGW80-PfTJ3Q6apDqn5v-4c/getUpdates "HTTP/1.1 200 OK"
2025-11-11 12:52:50,987 INFO HTTP Request: POST https://api.telegram.org/bot6733666851:AAHsOVZ7_bJGIGW80-PfTJ3Q6apDqn5v-4c/getUpdates "HTTP/1.1 200 OK"
2025-11-11 12:53:01,124 INFO HTTP Request: POST https://api.telegram.org/bot6733666851:AAHsOVZ7_bJGIGW80-PfTJ3Q6apDqn5v-4c/getUpdates "HTTP/1.1 200 OK"
2025-11-11 12:53:11,263 INFO HTTP Request: POST https://api.telegram.org/bot6733666851:AAHsOVZ7_bJGIGW80-PfTJ3Q6apDqn5v-4c/getUpdates "HTTP/1.1 200 OK"
2025-11-11 12:53:21,401 INFO HTTP Request: POST https://api.telegram.org/bot6733666851:AAHsOVZ7_bJGIGW80-PfTJ3Q6apDqn5v-4c/getUpdates "HTTP/1.1 200 OK"
2025-11-11 12:53:31,539 INFO HTTP Request: POST https://api.telegram.org/bot6733666851:AAHsOVZ7_bJGIGW80-PfTJ3Q6apDqn5v-4c/getUpdates "HTTP/1.1 200 OK"
2025-11-11 12:53:41,676 INFO HTTP Request: POST https://api.telegram.org/bot6733666851:AAHsOVZ7_bJGIGW80-PfTJ3Q6apDqn5v-4c/getUpdates "HTTP/1.1 200 OK"
2025-11-11 12:53:51,815 INFO HTTP Request: POST https://api.telegram.org/bot6733666851:AAHsOVZ7_bJGIGW80-PfTJ3Q6apDqn5v-4c/getUpdates "HTTP/1.1 200 OK"
2025-11-11 12:54:01,952 INFO HTTP Request: POST https://api.telegram.org/bot6733666851:AAHsOVZ7_bJGIGW80-PfTJ3Q6apDqn5v-4c/getUpdates "HTTP/1.1 200 OK"
2025-11-11 12:54:12,193 INFO HTTP Request: POST https://api.telegram.org/bot6733666851:AAHsOVZ7_bJGIGW80-PfTJ3Q6apDqn5v-4c/getUpdates "HTTP/1.1 200 OK"
2025-11-11 12:54:22,330 INFO HTTP Request: POST https://api.telegram.org/bot6733666851:AAHsOVZ7_bJGIGW80-PfTJ3Q6apDqn5v-4c/getUpdates "HTTP/1.1 200 OK"
2025-11-11 12:54:32,468 INFO HTTP Request: POST https://api.telegram.org/bot6733666851:AAHsOVZ7_bJGIGW80-PfTJ3Q6apDqn5v-4c/getUpdates "HTTP/1.1 200 OK"
2025-11-11 12:54:42,553 INFO HTTP Request: POST https://api.telegram.org/bot6733666851:AAHsOVZ7_bJGIGW80-PfTJ3Q6apDqn5v-4c/getUpdates "HTTP/1.1 200 OK"
2025-11-11 12:54:52,644 INFO HTTP Request: POST https://api.telegram.org/bot6733666851:AAHsOVZ7_bJGIGW80-PfTJ3Q6apDqn5v-4c/getUpdates "HTTP/1.1 200 OK"
2025-11-11 12:55:02,780 INFO HTTP Request: POST https://api.telegram.org/bot6733666851:AAHsOVZ7_bJGIGW80-PfTJ3Q6apDqn5v-4c/getUpdates "HTTP/1.1 200 OK"
2025-11-11 12:55:12,917 INFO HTTP Request: POST https://api.telegram.org/bot6733666851:AAHsOVZ7_bJGIGW80-PfTJ3Q6apDqn5v-4c/getUpdates "HTTP/1.1 200 OK"
2025-11-11 12:55:23,057 INFO HTTP Request: POST https://api.telegram.org/bot6733666851:AAHsOVZ7_bJGIGW80-PfTJ3Q6apDqn5v-4c/getUpdates "HTTP/1.1 200 OK"
2025-11-11 12:55:33,194 INFO HTTP Request: POST https://api.telegram.org/bot6733666851:AAHsOVZ7_bJGIGW80-PfTJ3Q6apDqn5v-4c/getUpdates "HTTP/1.1 200 OK"
2025-11-11 12:55:43,332 INFO HTTP Request: POST https://api.telegram.org/bot6733666851:AAHsOVZ7_bJGIGW80-PfTJ3Q6apDqn5v-4c/getUpdates "HTTP/1.1 200 OK"
2025-11-11 12:55:53,469 INFO HTTP Request: POST https://api.telegram.org/bot6733666851:AAHsOVZ7_bJGIGW80-PfTJ3Q6apDqn5v-4c/getUpdates "HTTP/1.1 200 OK"
2025-11-11 12:56:03,607 INFO HTTP Request: POST https://api.telegram.org/bot6733666851:AAHsOVZ7_bJGIGW80-PfTJ3Q6apDqn5v-4c/getUpdates "HTTP/1.1 200 OK"
2025-11-11 12:56:13,746 INFO HTTP Request: POST https://api.telegram.org/bot6733666851:AAHsOVZ7_bJGIGW80-PfTJ3Q6apDqn5v-4c/getUpdates "HTTP/1.1 200 OK"
2025-11-11 12:56:23,883 INFO HTTP Request: POST https://api.telegram.org/bot6733666851:AAHsOVZ7_bJGIGW80-PfTJ3Q6apDqn5v-4c/getUpdates "HTTP/1.1 200 OK"
2025-11-11 12:56:33,944 INFO HTTP Request: POST https://api.telegram.org/bot6733666851:AAHsOVZ7_bJGIGW80-PfTJ3Q6apDqn5v-4c/getUpdates "HTTP/1.1 200 OK"
2025-11-11 12:56:44,057 INFO HTTP Request: POST https://api.telegram.org/bot6733666851:AAHsOVZ7_bJGIGW80-PfTJ3Q6apDqn5v-4c/getUpdates "HTTP/1.1 200 OK"
2025-11-11 12:56:54,195 INFO HTTP Request: POST https://api.telegram.org/bot6733666851:AAHsOVZ7_bJGIGW80-PfTJ3Q6apDqn5v-4c/getUpdates "HTTP/1.1 200 OK"
2025-11-11 12:57:04,333 INFO HTTP Request: POST https://api.telegram.org/bot6733666851:AAHsOVZ7_bJGIGW80-PfTJ3Q6apDqn5v-4c/getUpdates "HTTP/1.1 200 OK"
2025-11-11 12:57:14,472 INFO HTTP Request: POST https://api.telegram.org/bot6733666851:AAHsOVZ7_bJGIGW80-PfTJ3Q6apDqn5v-4c/getUpdates "HTTP/1.1 200 OK"
2025-11-11 12:57:24,609 INFO HTTP Request: POST https://api.telegram.org/bot6733666851:AAHsOVZ7_bJGIGW80-PfTJ3Q6apDqn5v-4c/getUpdates "HTTP/1.1 200 OK"
2025-11-11 12:57:34,747 INFO HTTP Request: POST https://api.telegram.org/bot6733666851:AAHsOVZ7_bJGIGW80-PfTJ3Q6apDqn5v-4c/getUpdates "HTTP/1.1 200 OK"
2025-11-11 12:57:44,885 INFO HTTP Request: POST https://api.telegram.org/bot6733666851:AAHsOVZ7_bJGIGW80-PfTJ3Q6apDqn5v-4c/getUpdates "HTTP/1.1 200 OK"
2025-11-11 12:57:55,023 INFO HTTP Request: POST https://api.telegram.org/bot6733666851:AAHsOVZ7_bJGIGW80-PfTJ3Q6apDqn5v-4c/getUpdates "HTTP/1.1 200 OK"
2025-11-11 12:58:05,081 INFO HTTP Request: POST https://api.telegram.org/bot6733666851:AAHsOVZ7_bJGIGW80-PfTJ3Q6apDqn5v-4c/getUpdates "HTTP/1.1 200 OK"
2025-11-11 12:58:15,141 INFO HTTP Request: POST https://api.telegram.org/bot6733666851:AAHsOVZ7_bJGIGW80-PfTJ3Q6apDqn5v-4c/getUpdates "HTTP/1.1 200 OK"
2025-11-11 12:58:25,200 INFO HTTP Request: POST https://api.telegram.org/bot6733666851:AAHsOVZ7_bJGIGW80-PfTJ3Q6apDqn5v-4c/getUpdates "HTTP/1.1 200 OK"
2025-11-11 12:58:35,268 INFO HTTP Request: POST https://api.telegram.org/bot6733666851:AAHsOVZ7_bJGIGW80-PfTJ3Q6apDqn5v-4c/getUpdates "HTTP/1.1 200 OK"
2025-11-11 12:58:45,338 INFO HTTP Request: POST https://api.telegram.org/bot6733666851:AAHsOVZ7_bJGIGW80-PfTJ3Q6apDqn5v-4c/getUpdates "HTTP/1.1 200 OK"
2025-11-11 12:58:55,441 INFO HTTP Request: POST https://api.telegram.org/bot6733666851:AAHsOVZ7_bJGIGW80-PfTJ3Q6apDqn5v-4c/getUpdates "HTTP/1.1 200 OK"
