2025-11-11 07:06:38,118 INFO Time with timezone: 2025-11-11 10:06:38.118539+03:00
2025-11-11 07:06:38,127 INFO Reminders: <QuerySet []>
2025-11-11 07:07:11,694 INFO Time with timezone: 2025-11-11 10:07:11.694100+03:00
2025-11-11 07:07:11,702 INFO Reminders: <QuerySet []>
2025-11-11 07:10:16,398 INFO Time with timezone: 2025-11-11 10:10:16.398764+03:00
2025-11-11 07:10:16,407 INFO Reminders: <QuerySet []>
2025-11-11 10:13:16,439 INFO Time with timezone: 2025-11-11 10:13:16.439257+03:00
2025-11-11 10:13:16,448 INFO Reminders: <QuerySet [<Reminder: [Pending] Тестовое напоминание (Due: 2025-11-11 07:13:00+00:00)>]>
2025-11-11 10:13:16,449 INFO Processing reminder: Тестовое напоминание
2025-11-11 10:13:16,471 INFO Sent reminder to 60305171
2025-11-11 10:13:16,479 INFO Marked reminder 1 as completed.
2025-11-11 10:53:28,199 INFO Processing reminder: Тестовое напоминание
2025-11-11 10:53:28,548 INFO HTTP Request: POST https://api.telegram.org/bot6733666851:AAHsOVZ7_bJGIGW80-PfTJ3Q6apDqn5v-4c/sendMessage "HTTP/1.1 200 OK"
2025-11-11 10:53:28,549 INFO Sent reminder to 60305171
2025-11-11 10:53:28,571 INFO Marked 1 reminders as completed.
2025-11-11 12:23:06,518 INFO Processing reminder: еще одно тестовое
2025-11-11 12:23:06,840 INFO HTTP Request: POST https://api.telegram.org/bot6733666851:AAHsOVZ7_bJGIGW80-PfTJ3Q6apDqn5v-4c/sendMessage "HTTP/1.1 200 OK"
2025-11-11 12:23:06,841 INFO Sent reminder to 60305171
2025-11-11 12:23:06,860 INFO Marked 1 reminders as completed.
2025-11-11 12:31:37,600 INFO Processing reminder: еще одно тестовое
2025-11-11 12:31:37,863 INFO HTTP Request: POST https://api.telegram.org/bot6733666851:AAHsOVZ7_bJGIGW80-PfTJ3Q6apDqn5v-4c/sendMessage "HTTP/1.1 200 OK"
2025-11-11 12:31:37,864 INFO Sent reminder to 60305171
2025-11-11 12:31:37,865 INFO HTTP Request: POST https://api.telegram.org/bot6733666851:AAHsOVZ7_bJGIGW80-PfTJ3Q6apDqn5v-4c/sendMessage "HTTP/1.1 400 Bad Request"
2025-11-11 12:31:37,865 ERROR Failed to send message to 1071: Chat not found
2025-11-11 12:31:37,884 INFO Marked 1 reminders as completed.
2025-11-11 12:38:11,641 INFO Processing reminder: еще одно тестовое
2025-11-11 12:38:11,904 INFO HTTP Request: POST https://api.telegram.org/bot6733666851:AAHsOVZ7_bJGIGW80-PfTJ3Q6apDqn5v-4c/sendMessage "HTTP/1.1 200 OK"
2025-11-11 12:38:11,906 INFO Sent reminder to -4785108108
2025-11-11 12:38:11,907 INFO HTTP Request: POST https://api.telegram.org/bot6733666851:AAHsOVZ7_bJGIGW80-PfTJ3Q6apDqn5v-4c/sendMessage "HTTP/1.1 200 OK"
2025-11-11 12:38:11,908 INFO Sent reminder to 60305171
2025-11-11 12:38:11,927 INFO Marked 1 reminders as completed.
